Mew => raiz ESQ ESQ ESQ ESQ DIR DIR ESQ DIR DIR ESQ ESQ DIR DIR ESQ DIR DIR ESQ ESQ ESQ DIR DIR ESQ DIR DIR ESQ ESQ DIR DIR ESQ DIR NAO
Charmander => raiz ESQ ESQ ESQ ESQ DIR DIR ESQ DIR DIR ESQ ESQ DIR DIR ESQ DIR DIR ESQ ESQ ESQ DIR DIR ESQ DIR DIR ESQ ESQ DIR DIR ESQ DIR NAO
Squirtle => raiz ESQ ESQ ESQ ESQ DIR DIR ESQ DIR DIR ESQ ESQ DIR DIR ESQ DIR DIR ESQ ESQ ESQ DIR DIR ESQ DIR DIR ESQ ESQ DIR DIR ESQ DIR NAO
Pikachu => raiz ESQ ESQ ESQ ESQ DIR DIR ESQ DIR DIR ESQ ESQ DIR DIR ESQ DIR DIR ESQ ESQ ESQ DIR DIR ESQ DIR DIR ESQ ESQ DIR DIR ESQ DIR NAO
Jigglypuff => raiz ESQ ESQ ESQ ESQ DIR DIR ESQ DIR DIR ESQ ESQ DIR DIR ESQ DIR DIR ESQ ESQ ESQ DIR DIR ESQ DIR DIR ESQ ESQ DIR DIR ESQ DIR NAO
Poliwag => raiz ESQ ESQ ESQ ESQ DIR DIR ESQ DIR DIR ESQ ESQ DIR DIR ESQ DIR DIR ESQ ESQ ESQ DIR DIR ESQ DIR DIR ESQ ESQ DIR DIR ESQ DIR NAO
Meowth => raiz ESQ ESQ ESQ ESQ DIR DIR ESQ DIR DIR ESQ ESQ DIR DIR ESQ DIR DIR ESQ ESQ ESQ DIR DIR ESQ DIR DIR ESQ ESQ DIR DIR ESQ DIR NAO
Scyther => raiz ESQ ESQ ESQ ESQ DIR DIR ESQ DIR DIR ESQ ESQ DIR DIR ESQ DIR DIR ESQ ESQ ESQ DIR DIR ESQ DIR DIR ESQ ESQ DIR DIR ESQ DIR NAO
Chikorita => raiz ESQ ESQ ESQ ESQ DIR DIR ESQ DIR DIR ESQ ESQ DIR DIR ESQ DIR DIR ESQ ESQ ESQ DIR DIR ESQ DIR DIR ESQ ESQ DIR DIR ESQ DIR NAO
Totodile => raiz ESQ ESQ ESQ ESQ DIR DIR ESQ DIR DIR ESQ ESQ DIR DIR ESQ DIR DIR ESQ ESQ ESQ DIR DIR ESQ DIR DIR ESQ ESQ DIR DIR ESQ DIR NAO
Ditto => raiz ESQ ESQ ESQ ESQ DIR DIR ESQ DIR DIR ESQ ESQ DIR DIR ESQ DIR DIR ESQ ESQ ESQ DIR DIR ESQ DIR DIR ESQ ESQ DIR DIR ESQ DIR NAO
Togepi => raiz ESQ ESQ ESQ ESQ DIR DIR ESQ DIR DIR ESQ ESQ DIR DIR ESQ DIR DIR ESQ ESQ ESQ DIR DIR ESQ DIR DIR ESQ ESQ DIR DIR ESQ DIR NAO
Ampharos => raiz ESQ ESQ ESQ ESQ DIR DIR ESQ DIR DIR ESQ ESQ DIR DIR ESQ DIR DIR ESQ ESQ ESQ DIR DIR ESQ DIR DIR ESQ ESQ DIR DIR ESQ DIR NAO
Misdreavus => raiz ESQ ESQ ESQ ESQ DIR DIR ESQ DIR DIR ESQ ESQ DIR DIR ESQ DIR DIR ESQ ESQ ESQ DIR DIR ESQ DIR DIR ESQ ESQ DIR DIR ESQ DIR NAO
Houndour => raiz ESQ ESQ ESQ ESQ DIR DIR ESQ DIR DIR ESQ ESQ DIR DIR ESQ DIR DIR ESQ ESQ ESQ DIR DIR ESQ DIR DIR ESQ ESQ DIR DIR ESQ DIR NAO
Treecko => raiz ESQ ESQ ESQ ESQ DIR DIR ESQ DIR DIR ESQ ESQ DIR DIR ESQ DIR DIR ESQ ESQ ESQ DIR DIR ESQ DIR DIR ESQ ESQ DIR DIR ESQ DIR NAO
Tyranitar => raiz ESQ ESQ ESQ ESQ DIR DIR ESQ DIR DIR ESQ ESQ DIR DIR ESQ DIR DIR ESQ ESQ ESQ DIR DIR ESQ DIR DIR ESQ ESQ DIR DIR ESQ DIR NAO
Mudkip => raiz ESQ ESQ ESQ ESQ DIR DIR ESQ DIR DIR ESQ ESQ DIR DIR ESQ DIR DIR ESQ ESQ ESQ DIR DIR ESQ DIR DIR ESQ ESQ DIR DIR ESQ DIR NAO
Ralts => raiz ESQ ESQ ESQ ESQ DIR DIR ESQ DIR DIR ESQ ESQ DIR DIR ESQ DIR DIR ESQ ESQ ESQ DIR DIR ESQ DIR DIR ESQ ESQ DIR DIR ESQ DIR NAO
Shinx => raiz ESQ ESQ ESQ ESQ DIR DIR ESQ DIR DIR ESQ ESQ DIR DIR ESQ DIR DIR ESQ ESQ ESQ DIR DIR ESQ DIR DIR ESQ ESQ DIR DIR ESQ DIR NAO
Gible => raiz ESQ ESQ ESQ ESQ DIR DIR ESQ DIR DIR ESQ ESQ DIR DIR ESQ DIR DIR ESQ ESQ ESQ DIR DIR ESQ DIR DIR ESQ ESQ DIR DIR ESQ DIR NAO
Snivy => raiz ESQ ESQ ESQ ESQ DIR DIR ESQ DIR DIR ESQ ESQ DIR DIR ESQ DIR DIR ESQ ESQ ESQ DIR DIR ESQ DIR DIR ESQ ESQ DIR DIR ESQ DIR NAO
Tepig => raiz ESQ ESQ ESQ ESQ DIR DIR ESQ DIR DIR ESQ ESQ DIR DIR ESQ DIR DIR ESQ ESQ ESQ DIR DIR ESQ DIR DIR ESQ ESQ DIR DIR ESQ DIR NAO
Froakie => raiz ESQ ESQ ESQ ESQ DIR DIR ESQ DIR DIR ESQ ESQ DIR DIR ESQ DIR DIR ESQ ESQ ESQ DIR DIR ESQ DIR DIR ESQ ESQ DIR DIR ESQ DIR NAO
Rowlet => raiz ESQ ESQ ESQ ESQ DIR DIR ESQ DIR DIR ESQ ESQ DIR DIR ESQ DIR DIR ESQ ESQ ESQ DIR DIR ESQ DIR DIR ESQ ESQ DIR DIR ESQ DIR NAO
